D:\WORKSPACE\PESéE\PESéE\DEBUG\MAINFORM.OBJ
D:\WORKSPACE\PESéE\PESéE\DEBUG\MAIN.OBJ
D:\WORKSPACE\PESéE\PESéE\DEBUG\GRAPHFORM.OBJ
D:\WORKSPACE\PESÉE\PESÉE\DEBUG\VC110.PDB
D:\WORKSPACE\PESéE\PESéE\DEBUG\.NETFRAMEWORK,VERSION=V4.5.ASSEMBLYATTRIBUTES.OBJ
D:\WORKSPACE\PESéE\DEBUG\PESéE.ILK
D:\WORKSPACE\PESéE\DEBUG\PESéE.EXE
D:\WORKSPACE\PESÉE\DEBUG\PESÉE.PDB
D:\workspace\pesée\pesée\Debug\pesée.graphForm.resources
D:\workspace\pesée\pesée\Debug\pesée.mainForm.resources
D:\workspace\pesée\pesée\Debug\pesée.vcxproj.GenerateResource.Cache
D:\workspace\pesée\pesée\Debug\.NETFramework,Version=v4.5.AssemblyAttributes.obj
D:\workspace\pesée\pesée\Debug\graphForm.obj
D:\workspace\pesée\pesée\Debug\main.obj
D:\workspace\pesée\pesée\Debug\mainForm.obj
D:\workspace\pesée\pesée\Debug\cl.command.1.tlog
D:\workspace\pesée\pesée\Debug\CL.read.1.tlog
D:\workspace\pesée\pesée\Debug\CL.write.1.tlog
D:\workspace\pesée\pesée\Debug\link.5072-cvtres.read.1.tlog
D:\workspace\pesée\pesée\Debug\link.5072-cvtres.write.1.tlog
D:\workspace\pesée\pesée\Debug\link.5072-rc.read.1.tlog
D:\workspace\pesée\pesée\Debug\link.5072-rc.write.1.tlog
D:\workspace\pesée\pesée\Debug\link.5072.read.1.tlog
D:\workspace\pesée\pesée\Debug\link.5072.write.1.tlog
D:\workspace\pesée\pesée\Debug\link.command.1.tlog
D:\workspace\pesée\pesée\Debug\link.read.1.tlog
D:\workspace\pesée\pesée\Debug\link.write.1.tlog
D:\workspace\pesée\pesée\Debug\metagen.read.1.tlog
D:\workspace\pesée\pesée\Debug\metagen.write.1.tlog
D:\workspace\pesée\pesée\Debug\pesée.write.1.tlog
D:\workspace\pesée\pesée\Debug\vc110.pdb
D:\workspace\pesée\pesée\Debug\TZRES.DLL.bi
D:\workspace\pesée\Debug\pesée.pdb
D:\workspace\pesée\Debug\pesée.exe
D:\workspace\pesée\Debug\pesée.ilk
